<?xml version="1.0" encoding="UTF-8"?>
<testsuite xmlns:xsi="http://www.w3.org/2001/XMLSchema-instance" xsi:noNamespaceSchemaLocation="https://maven.apache.org/surefire/maven-surefire-plugin/xsd/surefire-test-report-3.0.xsd" version="3.0" name="com.microservice.config.microservice_config.MicroserviceConfigApplicationTests" time="9.61" tests="1" errors="0" skipped="0" failures="0">
  <properties>
[...]
</properties>
  <testcase name="contextLoads" classname="com.microservice.config.microservice_config.MicroserviceConfigApplicationTests" time="1.576">
    <system-out><![CDATA[08:24:53.828 [main] INFO org.springframework.test.context.support.AnnotationConfigContextLoaderUtils -- Could not detect default configuration classes for test class [com.microservice.config.microservice_config.MicroserviceConfigApplicationTests]: MicroserviceConfigApplicationTests does not declare any static, non-private, non-final, nested classes annotated with @Configuration.
08:24:54.053 [main] INFO org.springframework.boot.test.context.SpringBootTestContextBootstrapper -- Found @SpringBootConfiguration com.microservice.config.microservice_config.MicroserviceConfigApplication for test class com.microservice.config.microservice_config.MicroserviceConfigApplicationTests
,--.   ,--.,--.                                                  ,--.                     ,-----.                ,---.,--.        
|   `.'   |`--' ,---.,--.--. ,---.  ,---. ,---. ,--.--.,--.  ,--.`--' ,---. ,---. ,-----.'  .--./ ,---. ,--,--, /  .-'`--' ,---.  
|  |'.'|  |,--.| .--'|  .--'| .-. |(  .-'| .-. :|  .--' \  `'  / ,--.| .--'| .-. :'-----'|  |    | .-. ||      \|  `-,,--.| .-. | 
|  |   |  ||  |\ `--.|  |   ' '-' '.-'  `)   --.|  |     \    /  |  |\ `--.\   --.       '  '--'\' '-' '|  ||  ||  .-'|  |' '-' ' 
`--'   `--'`--' `---'`--'    `---' `----' `----'`--'      `--'   `--' `---' `----'        `-----' `---' `--''--'`--'  `--'.`-  /  
                                                                                                                          `---'   
2025-07-03T08:24:55.359-04:00  INFO 2104 --- [config-server] [           main] m.c.m.MicroserviceConfigApplicationTests : Starting MicroserviceConfigApplicationTests using Java 17.0.12 with PID 2104 (started by vicen in C:\Users\vicen\Downloads\Arreglado para los test\microservicios-master\microservice-config)
2025-07-03T08:24:55.364-04:00  INFO 2104 --- [config-server] [           main] m.c.m.MicroserviceConfigApplicationTests : The following 1 profile is active: "native"
2025-07-03T08:24:57.923-04:00  INFO 2104 --- [config-server] [           main] o.s.cloud.context.scope.GenericScope     : BeanFactory id=c598fbbb-5a4f-3474-88e5-63cf6189ca8f
2025-07-03T08:25:01.228-04:00  INFO 2104 --- [config-server] [           main] o.s.b.a.e.web.EndpointLinksResolver      : Exposing 1 endpoint beneath base path '/actuator'
2025-07-03T08:25:01.415-04:00  INFO 2104 --- [config-server] [           main] m.c.m.MicroserviceConfigApplicationTests : Started MicroserviceConfigApplicationTests in 7.052 seconds (process running for 8.998)
]]></system-out>
  </testcase>
</testsuite>